<?xml version="1.0" encoding="UTF-8"?>
<!-- Generated by org.testng.reporters.JUnitReportReporter -->
<testsuite hostname="user-pc" name="testcases.XYZBank" tests="1" failures="0" timestamp="3 Jun 2019 10:10:49 GMT" time="5.402" errors="0">
  <testcase name="depositTest" time="5.402" classname="testcases.XYZBank"/>
</testsuite> <!-- testcases.XYZBank -->
