<?xml version="1.0" encoding="UTF-8"?>
<!-- Generated by org.testng.reporters.JUnitReportReporter -->
<testsuite hostname="user-pc" name="testcases.XYZBank" tests="2" failures="0" timestamp="5 Jun 2019 21:09:50 GMT" time="9.681" errors="0">
  <testcase name="withdrawalTest" time="4.693" classname="testcases.XYZBank"/>
  <testcase name="depositTest" time="4.988" classname="testcases.XYZBank"/>
</testsuite> <!-- testcases.XYZBank -->
