<?xml version="1.0" encoding="UTF-8"?>
<!-- Generated by org.testng.reporters.JUnitReportReporter -->
<testsuite hostname="user-pc" name="tmp.tmp" tests="1" failures="0" timestamp="2 Jun 2019 09:49:51 GMT" time="5.020" errors="0">
  <testcase name="temporaryTest" time="5.020" classname="tmp.tmp"/>
</testsuite> <!-- tmp.tmp -->
