<?xml version="1.0" encoding="UTF-8"?>
<!-- Generated by org.testng.reporters.JUnitReportReporter -->
<testsuite hostname="user-pc" name="tmp.tmp" tests="3" failures="0" timestamp="9 Jun 2019 14:53:40 GMT" time="0.029" errors="0">
  <testcase name="testData" time="0.018" classname="tmp.tmp"/>
  <testcase name="testData" time="0.004" classname="tmp.tmp"/>
  <testcase name="testData" time="0.007" classname="tmp.tmp"/>
</testsuite> <!-- tmp.tmp -->
